<?xml version="1.0" encoding="UTF-8"?>
<!-- Generated by org.testng.reporters.JUnitReportReporter -->
<testsuite skipped="0" hostname="LAPTOP-R3M28EE0" name="com.test.GoogleTest" tests="6" failures="0" timestamp="2022-11-01T18:48:15 CDT" time="24.959" errors="0">
  <testcase name="googleTitleTest" time="4.075" classname="com.test.GoogleTest"/>
  <system-out/>
  <testcase name="googleLogoTest" time="3.863" classname="com.test.GoogleTest"/>
  <system-out/>
  <testcase name="gmailLinkTest" time="3.902" classname="com.test.GoogleTest"/>
  <system-out/>
  <testcase name="test1" time="4.681" classname="com.test.GoogleTest"/>
  <system-out/>
  <testcase name="test2" time="4.264" classname="com.test.GoogleTest"/>
  <system-out/>
  <testcase name="test3" time="4.174" classname="com.test.GoogleTest"/>
  <system-out/>
</testsuite> <!-- com.test.GoogleTest -->
