<?xml version="1.0" encoding="UTF-8"?>
<!-- Generated by org.testng.reporters.JUnitReportReporter -->
<testsuite skipped="0" hostname="LAPTOP-R3M28EE0" name="com.test.InvocationCountTest" tests="10" failures="0" timestamp="2022-11-01T18:48:15 CDT" time="0.008" errors="0">
  <testcase name="sum" time="0.000" classname="com.test.InvocationCountTest"/>
  <system-out/>
  <testcase name="sum" time="0.001" classname="com.test.InvocationCountTest"/>
  <system-out/>
  <testcase name="sum" time="0.001" classname="com.test.InvocationCountTest"/>
  <system-out/>
  <testcase name="sum" time="0.000" classname="com.test.InvocationCountTest"/>
  <system-out/>
  <testcase name="sum" time="0.001" classname="com.test.InvocationCountTest"/>
  <system-out/>
  <testcase name="sum" time="0.001" classname="com.test.InvocationCountTest"/>
  <system-out/>
  <testcase name="sum" time="0.001" classname="com.test.InvocationCountTest"/>
  <system-out/>
  <testcase name="sum" time="0.001" classname="com.test.InvocationCountTest"/>
  <system-out/>
  <testcase name="sum" time="0.001" classname="com.test.InvocationCountTest"/>
  <system-out/>
  <testcase name="sum" time="0.001" classname="com.test.InvocationCountTest"/>
  <system-out/>
</testsuite> <!-- com.test.InvocationCountTest -->
