<?xml version="1.0" encoding="UTF-8"?>
<!-- Generated by org.testng.reporters.JUnitReportReporter -->
<testsuite skipped="0" hostname="LAPTOP-R3M28EE0" name="com.test.ExceptionTimeOutTest" tests="1" failures="0" timestamp="2022-11-01T22:07:29 CDT" time="2.010" errors="0">
  <testcase name="infiniteLoopTest" time="2.010" classname="com.test.ExceptionTimeOutTest"/>
  <system-out/>
</testsuite> <!-- com.test.ExceptionTimeOutTest -->
