<?xml version="1.0" encoding="UTF-8"?>
<!-- Generated by org.testng.reporters.JUnitReportReporter -->
<testsuite skipped="0" hostname="LAPTOP-R3M28EE0" name="com.test.TestNgFeatures" tests="4" failures="0" timestamp="2022-11-01T18:48:15 CDT" time="0.010" errors="0">
  <testcase name="RegistrationPage" time="0.006" classname="com.test.TestNgFeatures"/>
  <system-out/>
  <testcase name="SearchPageTest" time="0.001" classname="com.test.TestNgFeatures"/>
  <system-out/>
  <testcase name="HomePageTest" time="0.000" classname="com.test.TestNgFeatures"/>
  <system-out/>
  <testcase name="LoginTest" time="0.003" classname="com.test.TestNgFeatures"/>
  <system-out/>
</testsuite> <!-- com.test.TestNgFeatures -->
