<?xml version="1.0" encoding="UTF-8"?>
<!-- Generated by org.testng.reporters.JUnitReportReporter -->
<testsuite skipped="0" hostname="LAPTOP-R3M28EE0" name="com.test.TestNgBasics" tests="3" failures="0" timestamp="2022-11-01T18:48:15 CDT" time="0.011" errors="0">
  <testcase name="googleTitleTest" time="0.002" classname="com.test.TestNgBasics"/>
  <system-out/>
  <testcase name="searchTest" time="0.002" classname="com.test.TestNgBasics"/>
  <system-out/>
  <testcase name="logoTest" time="0.007" classname="com.test.TestNgBasics"/>
  <system-out/>
</testsuite> <!-- com.test.TestNgBasics -->
