<?xml version="1.0" encoding="UTF-8"?>
<!-- Generated by org.testng.reporters.JUnitReportReporter -->
<testsuite skipped="0" hostname="LAPTOP-R3M28EE0" name="com.test.GoogleTest" tests="6" failures="0" timestamp="2022-11-01T22:09:34 CDT" time="25.650" errors="0">
  <testcase name="googleTitleTest" time="4.187" classname="com.test.GoogleTest"/>
  <system-out/>
  <testcase name="googleLogoTest" time="3.978" classname="com.test.GoogleTest"/>
  <system-out/>
  <testcase name="gmailLinkTest" time="3.969" classname="com.test.GoogleTest"/>
  <system-out/>
  <testcase name="test1" time="5.439" classname="com.test.GoogleTest"/>
  <system-out/>
  <testcase name="test2" time="4.053" classname="com.test.GoogleTest"/>
  <system-out/>
  <testcase name="test3" time="4.024" classname="com.test.GoogleTest"/>
  <system-out/>
</testsuite> <!-- com.test.GoogleTest -->
