<?xml version="1.0" encoding="UTF-8"?>
<!-- Generated by org.testng.reporters.JUnitReportReporter -->
<testsuite skipped="0" hostname="LAPTOP-R3M28EE0" name="com.parameters.ParameterTest" tests="1" failures="0" timestamp="2022-11-01T19:34:42 CDT" time="6.254" errors="0">
  <testcase name="yahooLoginTest" time="6.254" classname="com.parameters.ParameterTest"/>
  <system-out/>
</testsuite> <!-- com.parameters.ParameterTest -->
